# JRE version: OpenJDK Runtime Environment Temurin-21.0.7+6 (21.0.7+6) (build 21.0.7+6-LTS)
# Java VM: OpenJDK 64-Bit Server VM Temurin-21.0.7+6 (21.0.7+6-LTS, mixed mode, sharing, tiered, compressed oops, compressed class ptrs, parallel gc, windows-amd64)
GC Precious Log:
 CardTable entry size: 512
 CPUs: 16 total, 16 available
 Memory: 15791M
 Large Page Support: Disabled
 NUMA Support: Disabled
 Compressed Oops: Enabled (32-bit)
 Alignments: Space 512K, Generation 512K, Heap 2M
 Heap Min Capacity: 100M
 Heap Initial Capacity: 100M
 Heap Max Capacity: 2G
 Pre-touch: Disabled
 Parallel Workers: 13
Heap:
 PSYoungGen      total 9728K, used 3174K [0x00000000d5580000, 0x00000000d6100000, 0x0000000100000000)
  eden space 8192K, 22% used [0x00000000d5580000,0x00000000d5747fa8,0x00000000d5d80000)
  from space 1536K, 87% used [0x00000000d5f80000,0x00000000d60d1960,0x00000000d6100000)
  to   space 1536K, 0% used [0x00000000d5e00000,0x00000000d5e00000,0x00000000d5f80000)
 ParOldGen       total 965120K, used 777361K [0x0000000080000000, 0x00000000bae80000, 0x00000000d5580000)
  object space 965120K, 80% used [0x0000000080000000,0x00000000af724690,0x00000000bae80000)
 Metaspace       used 84334K, committed 86080K, reserved 1179648K
  class space    used 8344K, committed 9152K, reserved 1048576K
GC Heap History (20 events):
Event: 893.282 GC heap before
{Heap before GC invocations=1747 (full 4):
 PSYoungGen      total 9216K, used 9204K [0x00000000d5580000, 0x00000000d6380000, 0x0000000100000000)
  eden space 8192K, 100% used [0x00000000d5580000,0x00000000d5d80000,0x00000000d5d80000)
  from space 1024K, 98% used [0x00000000d5f80000,0x00000000d607d200,0x00000000d6080000)
  to   space 2048K, 0% used [0x00000000d5d80000,0x00000000d5d80000,0x00000000d5f80000)
 ParOldGen       total 965120K, used 768410K [0x0000000080000000, 0x00000000bae80000, 0x00000000d5580000)
  object space 965120K, 79% used [0x0000000080000000,0x00000000aee66a10,0x00000000bae80000)
 Metaspace       used 84300K, committed 86080K, reserved 1179648K
  class space    used 8344K, committed 9152K, reserved 1048576K
}
Event: 893.283 GC heap after
{Heap after GC invocations=1747 (full 4):
 PSYoungGen      total 10240K, used 960K [0x00000000d5580000, 0x00000000d6280000, 0x0000000100000000)
  eden space 8192K, 0% used [0x00000000d5580000,0x00000000d5580000,0x00000000d5d80000)
  from space 2048K, 46% used [0x00000000d5d80000,0x00000000d5e70040,0x00000000d5f80000)
  to   space 1536K, 0% used [0x00000000d6100000,0x00000000d6100000,0x00000000d6280000)
 ParOldGen       total 965120K, used 769428K [0x0000000080000000, 0x00000000bae80000, 0x00000000d5580000)
  object space 965120K, 79% used [0x0000000080000000,0x00000000aef65320,0x00000000bae80000)
 Metaspace       used 84300K, committed 86080K, reserved 1179648K
  class space    used 8344K, committed 9152K, reserved 1048576K
}
Event: 893.449 GC heap before
{Heap before GC invocations=1748 (full 4):
 PSYoungGen      total 10240K, used 9152K [0x00000000d5580000, 0x00000000d6280000, 0x0000000100000000)
  eden space 8192K, 100% used [0x00000000d5580000,0x00000000d5d80000,0x00000000d5d80000)
  from space 2048K, 46% used [0x00000000d5d80000,0x00000000d5e70040,0x00000000d5f80000)
  to   space 1536K, 0% used [0x00000000d6100000,0x00000000d6100000,0x00000000d6280000)
 ParOldGen       total 965120K, used 769428K [0x0000000080000000, 0x00000000bae80000, 0x00000000d5580000)
  object space 965120K, 79% used [0x0000000080000000,0x00000000aef65320,0x00000000bae80000)
 Metaspace       used 84301K, committed 86080K, reserved 1179648K
  class space    used 8344K, committed 9152K, reserved 1048576K
}
Event: 893.452 GC heap after
{Heap after GC invocations=1748 (full 4):
 PSYoungGen      total 9728K, used 1172K [0x00000000d5580000, 0x00000000d6280000, 0x0000000100000000)
  eden space 8192K, 0% used [0x00000000d5580000,0x00000000d5580000,0x00000000d5d80000)
  from space 1536K, 76% used [0x00000000d6100000,0x00000000d6225200,0x00000000d6280000)
  to   space 1536K, 0% used [0x00000000d5f80000,0x00000000d5f80000,0x00000000d6100000)
 ParOldGen       total 965120K, used 770192K [0x0000000080000000, 0x00000000bae80000, 0x00000000d5580000)
  object space 965120K, 79% used [0x0000000080000000,0x00000000af024390,0x00000000bae80000)
 Metaspace       used 84301K, committed 86080K, reserved 1179648K
  class space    used 8344K, committed 9152K, reserved 1048576K
}
Event: 893.466 GC heap before
{Heap before GC invocations=1749 (full 4):
 PSYoungGen      total 9728K, used 9364K [0x00000000d5580000, 0x00000000d6280000, 0x0000000100000000)
  eden space 8192K, 100% used [0x00000000d5580000,0x00000000d5d80000,0x00000000d5d80000)
  from space 1536K, 76% used [0x00000000d6100000,0x00000000d6225200,0x00000000d6280000)
  to   space 1536K, 0% used [0x00000000d5f80000,0x00000000d5f80000,0x00000000d6100000)
 ParOldGen       total 965120K, used 770192K [0x0000000080000000, 0x00000000bae80000, 0x00000000d5580000)
  object space 965120K, 79% used [0x0000000080000000,0x00000000af024390,0x00000000bae80000)
 Metaspace       used 84303K, committed 86080K, reserved 1179648K
  class space    used 8344K, committed 9152K, reserved 1048576K
}
Event: 893.469 GC heap after
{Heap after GC invocations=1749 (full 4):
 PSYoungGen      total 9216K, used 912K [0x00000000d5580000, 0x00000000d6180000, 0x0000000100000000)
  eden space 8192K, 0% used [0x00000000d5580000,0x00000000d5580000,0x00000000d5d80000)
  from space 1024K, 89% used [0x00000000d5f80000,0x00000000d6064010,0x00000000d6080000)
  to   space 1024K, 0% used [0x00000000d6080000,0x00000000d6080000,0x00000000d6180000)
 ParOldGen       total 965120K, used 771190K [0x0000000080000000, 0x00000000bae80000, 0x00000000d5580000)
  object space 965120K, 79% used [0x0000000080000000,0x00000000af11d890,0x00000000bae80000)
 Metaspace       used 84303K, committed 86080K, reserved 1179648K
  class space    used 8344K, committed 9152K, reserved 1048576K
}
Event: 893.480 GC heap before
{Heap before GC invocations=1750 (full 4):
 PSYoungGen      total 9216K, used 9104K [0x00000000d5580000, 0x00000000d6180000, 0x0000000100000000)
  eden space 8192K, 100% used [0x00000000d5580000,0x00000000d5d80000,0x00000000d5d80000)
  from space 1024K, 89% used [0x00000000d5f80000,0x00000000d6064010,0x00000000d6080000)
  to   space 1024K, 0% used [0x00000000d6080000,0x00000000d6080000,0x00000000d6180000)
 ParOldGen       total 965120K, used 771190K [0x0000000080000000, 0x00000000bae80000, 0x00000000d5580000)
  object space 965120K, 79% used [0x0000000080000000,0x00000000af11d890,0x00000000bae80000)
 Metaspace       used 84303K, committed 86080K, reserved 1179648K
  class space    used 8344K, committed 9152K, reserved 1048576K
}
Event: 893.483 GC heap after
{Heap after GC invocations=1750 (full 4):
 PSYoungGen      total 9216K, used 816K [0x00000000d5580000, 0x00000000d6180000, 0x0000000100000000)
  eden space 8192K, 0% used [0x00000000d5580000,0x00000000d5580000,0x00000000d5d80000)
  from space 1024K, 79% used [0x00000000d6080000,0x00000000d614c010,0x00000000d6180000)
  to   space 1024K, 0% used [0x00000000d5f80000,0x00000000d5f80000,0x00000000d6080000)
 ParOldGen       total 965120K, used 771974K [0x0000000080000000, 0x00000000bae80000, 0x00000000d5580000)
  object space 965120K, 79% used [0x0000000080000000,0x00000000af1e1910,0x00000000bae80000)
 Metaspace       used 84303K, committed 86080K, reserved 1179648K
  class space    used 8344K, committed 9152K, reserved 1048576K
}
Event: 893.503 GC heap before
{Heap before GC invocations=1751 (full 4):
 PSYoungGen      total 9216K, used 9008K [0x00000000d5580000, 0x00000000d6180000, 0x0000000100000000)
  eden space 8192K, 100% used [0x00000000d5580000,0x00000000d5d80000,0x00000000d5d80000)
  from space 1024K, 79% used [0x00000000d6080000,0x00000000d614c010,0x00000000d6180000)
  to   space 1024K, 0% used [0x00000000d5f80000,0x00000000d5f80000,0x00000000d6080000)
 ParOldGen       total 965120K, used 771974K [0x0000000080000000, 0x00000000bae80000, 0x00000000d5580000)
  object space 965120K, 79% used [0x0000000080000000,0x00000000af1e1910,0x00000000bae80000)
 Metaspace       used 84303K, committed 86080K, reserved 1179648K
  class space    used 8344K, committed 9152K, reserved 1048576K
}
Event: 893.505 GC heap after
{Heap after GC invocations=1751 (full 4):
 PSYoungGen      total 9216K, used 1024K [0x00000000d5580000, 0x00000000d6180000, 0x0000000100000000)
  eden space 8192K, 0% used [0x00000000d5580000,0x00000000d5580000,0x00000000d5d80000)
  from space 1024K, 100% used [0x00000000d5f80000,0x00000000d6080000,0x00000000d6080000)
  to   space 1024K, 0% used [0x00000000d6080000,0x00000000d6080000,0x00000000d6180000)
 ParOldGen       total 965120K, used 772626K [0x0000000080000000, 0x00000000bae80000, 0x00000000d5580000)
  object space 965120K, 80% used [0x0000000080000000,0x00000000af284960,0x00000000bae80000)
 Metaspace       used 84303K, committed 86080K, reserved 1179648K
  class space    used 8344K, committed 9152K, reserved 1048576K
}
Event: 893.525 GC heap before
{Heap before GC invocations=1752 (full 4):
 PSYoungGen      total 9216K, used 9216K [0x00000000d5580000, 0x00000000d6180000, 0x0000000100000000)
  eden space 8192K, 100% used [0x00000000d5580000,0x00000000d5d80000,0x00000000d5d80000)
  from space 1024K, 100% used [0x00000000d5f80000,0x00000000d6080000,0x00000000d6080000)
  to   space 1024K, 0% used [0x00000000d6080000,0x00000000d6080000,0x00000000d6180000)
 ParOldGen       total 965120K, used 772626K [0x0000000080000000, 0x00000000bae80000, 0x00000000d5580000)
  object space 965120K, 80% used [0x0000000080000000,0x00000000af284960,0x00000000bae80000)
 Metaspace       used 84310K, committed 86080K, reserved 1179648K
  class space    used 8344K, committed 9152K, reserved 1048576K
}
Event: 893.527 GC heap after
{Heap after GC invocations=1752 (full 4):
 PSYoungGen      total 9216K, used 1018K [0x00000000d5580000, 0x00000000d6280000, 0x0000000100000000)
  eden space 8192K, 0% used [0x00000000d5580000,0x00000000d5580000,0x00000000d5d80000)
  from space 1024K, 99% used [0x00000000d6080000,0x00000000d617eb40,0x00000000d6180000)
  to   space 2560K, 0% used [0x00000000d5d80000,0x00000000d5d80000,0x00000000d6000000)
 ParOldGen       total 965120K, used 773964K [0x0000000080000000, 0x00000000bae80000, 0x00000000d5580000)
  object space 965120K, 80% used [0x0000000080000000,0x00000000af3d32c0,0x00000000bae80000)
 Metaspace       used 84310K, committed 86080K, reserved 1179648K
  class space    used 8344K, committed 9152K, reserved 1048576K
}
Event: 893.541 GC heap before
{Heap before GC invocations=1753 (full 4):
 PSYoungGen      total 9216K, used 9210K [0x00000000d5580000, 0x00000000d6280000, 0x0000000100000000)
  eden space 8192K, 100% used [0x00000000d5580000,0x00000000d5d80000,0x00000000d5d80000)
  from space 1024K, 99% used [0x00000000d6080000,0x00000000d617eb40,0x00000000d6180000)
  to   space 2560K, 0% used [0x00000000d5d80000,0x00000000d5d80000,0x00000000d6000000)
 ParOldGen       total 965120K, used 773964K [0x0000000080000000, 0x00000000bae80000, 0x00000000d5580000)
  object space 965120K, 80% used [0x0000000080000000,0x00000000af3d32c0,0x00000000bae80000)
 Metaspace       used 84310K, committed 86080K, reserved 1179648K
  class space    used 8344K, committed 9152K, reserved 1048576K
}
Event: 893.544 GC heap after
{Heap after GC invocations=1753 (full 4):
 PSYoungGen      total 9216K, used 992K [0x00000000d5580000, 0x00000000d6100000, 0x0000000100000000)
  eden space 8192K, 0% used [0x00000000d5580000,0x00000000d5580000,0x00000000d5d80000)
  from space 1024K, 96% used [0x00000000d5d80000,0x00000000d5e78000,0x00000000d5e80000)
  to   space 1536K, 0% used [0x00000000d5f80000,0x00000000d5f80000,0x00000000d6100000)
 ParOldGen       total 965120K, used 775031K [0x0000000080000000, 0x00000000bae80000, 0x00000000d5580000)
  object space 965120K, 80% used [0x0000000080000000,0x00000000af4ddc70,0x00000000bae80000)
 Metaspace       used 84310K, committed 86080K, reserved 1179648K
  class space    used 8344K, committed 9152K, reserved 1048576K
}
Event: 893.569 GC heap before
{Heap before GC invocations=1754 (full 4):
 PSYoungGen      total 9216K, used 9184K [0x00000000d5580000, 0x00000000d6100000, 0x0000000100000000)
  eden space 8192K, 100% used [0x00000000d5580000,0x00000000d5d80000,0x00000000d5d80000)
  from space 1024K, 96% used [0x00000000d5d80000,0x00000000d5e78000,0x00000000d5e80000)
  to   space 1536K, 0% used [0x00000000d5f80000,0x00000000d5f80000,0x00000000d6100000)
 ParOldGen       total 965120K, used 775031K [0x0000000080000000, 0x00000000bae80000, 0x00000000d5580000)
  object space 965120K, 80% used [0x0000000080000000,0x00000000af4ddc70,0x00000000bae80000)
 Metaspace       used 84310K, committed 86080K, reserved 1179648K
  class space    used 8344K, committed 9152K, reserved 1048576K
}
Event: 893.572 GC heap after
{Heap after GC invocations=1754 (full 4):
 PSYoungGen      total 9216K, used 816K [0x00000000d5580000, 0x00000000d6080000, 0x0000000100000000)
  eden space 8192K, 0% used [0x00000000d5580000,0x00000000d5580000,0x00000000d5d80000)
  from space 1024K, 79% used [0x00000000d5f80000,0x00000000d604c010,0x00000000d6080000)
  to   space 1024K, 0% used [0x00000000d5d80000,0x00000000d5d80000,0x00000000d5e80000)
 ParOldGen       total 965120K, used 775831K [0x0000000080000000, 0x00000000bae80000, 0x00000000d5580000)
  object space 965120K, 80% used [0x0000000080000000,0x00000000af5a5cf0,0x00000000bae80000)
 Metaspace       used 84310K, committed 86080K, reserved 1179648K
  class space    used 8344K, committed 9152K, reserved 1048576K
}
Event: 893.602 GC heap before
{Heap before GC invocations=1755 (full 4):
 PSYoungGen      total 9216K, used 9008K [0x00000000d5580000, 0x00000000d6080000, 0x0000000100000000)
  eden space 8192K, 100% used [0x00000000d5580000,0x00000000d5d80000,0x00000000d5d80000)
  from space 1024K, 79% used [0x00000000d5f80000,0x00000000d604c010,0x00000000d6080000)
  to   space 1024K, 0% used [0x00000000d5d80000,0x00000000d5d80000,0x00000000d5e80000)
 ParOldGen       total 965120K, used 775831K [0x0000000080000000, 0x00000000bae80000, 0x00000000d5580000)
  object space 965120K, 80% used [0x0000000080000000,0x00000000af5a5cf0,0x00000000bae80000)
 Metaspace       used 84310K, committed 86080K, reserved 1179648K
  class space    used 8344K, committed 9152K, reserved 1048576K
}
Event: 893.604 GC heap after
{Heap after GC invocations=1755 (full 4):
 PSYoungGen      total 9216K, used 1024K [0x00000000d5580000, 0x00000000d6180000, 0x0000000100000000)
  eden space 8192K, 0% used [0x00000000d5580000,0x00000000d5580000,0x00000000d5d80000)
  from space 1024K, 100% used [0x00000000d5d80000,0x00000000d5e80000,0x00000000d5e80000)
  to   space 2048K, 0% used [0x00000000d5f80000,0x00000000d5f80000,0x00000000d6180000)
 ParOldGen       total 965120K, used 776503K [0x0000000080000000, 0x00000000bae80000, 0x00000000d5580000)
  object space 965120K, 80% used [0x0000000080000000,0x00000000af64dd50,0x00000000bae80000)
 Metaspace       used 84310K, committed 86080K, reserved 1179648K
  class space    used 8344K, committed 9152K, reserved 1048576K
}
Event: 893.709 GC heap before
{Heap before GC invocations=1756 (full 4):
 PSYoungGen      total 9216K, used 9216K [0x00000000d5580000, 0x00000000d6180000, 0x0000000100000000)
  eden space 8192K, 100% used [0x00000000d5580000,0x00000000d5d80000,0x00000000d5d80000)
  from space 1024K, 100% used [0x00000000d5d80000,0x00000000d5e80000,0x00000000d5e80000)
  to   space 2048K, 0% used [0x00000000d5f80000,0x00000000d5f80000,0x00000000d6180000)
 ParOldGen       total 965120K, used 776503K [0x0000000080000000, 0x00000000bae80000, 0x00000000d5580000)
  object space 965120K, 80% used [0x0000000080000000,0x00000000af64dd50,0x00000000bae80000)
 Metaspace       used 84326K, committed 86080K, reserved 1179648K
  class space    used 8344K, committed 9152K, reserved 1048576K
}
Event: 893.711 GC heap after
{Heap after GC invocations=1756 (full 4):
 PSYoungGen      total 9728K, used 1350K [0x00000000d5580000, 0x00000000d6100000, 0x0000000100000000)
  eden space 8192K, 0% used [0x00000000d5580000,0x00000000d5580000,0x00000000d5d80000)
  from space 1536K, 87% used [0x00000000d5f80000,0x00000000d60d1960,0x00000000d6100000)
  to   space 1536K, 0% used [0x00000000d5e00000,0x00000000d5e00000,0x00000000d5f80000)
 ParOldGen       total 965120K, used 777361K [0x0000000080000000, 0x00000000bae80000, 0x00000000d5580000)
  object space 965120K, 80% used [0x0000000080000000,0x00000000af724690,0x00000000bae80000)
 Metaspace       used 84326K, committed 86080K, reserved 1179648K
  class space    used 8344K, committed 9152K, reserved 1048576K
}

