# JRE version: OpenJDK Runtime Environment Microsoft-11369940 (21.0.7+6) (build 21.0.7+6-LTS)
# Java VM: OpenJDK 64-Bit Server VM Microsoft-11369940 (21.0.7+6-LTS, mixed mode, emulated-client, sharing, tiered, compressed oops, compressed class ptrs, g1 gc, windows-amd64)
GC Precious Log:
 CardTable entry size: 512
 Card Set container configuration: InlinePtr #cards 4 size 8 Array Of Cards #cards 16 size 48 Howl #buckets 8 coarsen threshold 3686 Howl Bitmap #cards 512 size 80 coarsen threshold 460 Card regions per heap region 1 cards per card region 4096
 CPUs: 16 total, 16 available
 Memory: 15791M
 Large Page Support: Disabled
 NUMA Support: Disabled
 Compressed Oops: Enabled (Zero based)
 Heap Region Size: 2M
 Heap Min Capacity: 8M
 Heap Initial Capacity: 248M
 Heap Max Capacity: 3948M
 Pre-touch: Disabled
 Parallel Workers: 13
 Concurrent Workers: 3
 Concurrent Refinement Workers: 13
 Periodic GC: Disabled
Heap:
 garbage-first heap   total 102400K, used 44060K [0x0000000709400000, 0x0000000800000000)
  region size 2048K, 8 young (16384K), 3 survivors (6144K)
 Metaspace       used 83641K, committed 84416K, reserved 1179648K
  class space    used 11537K, committed 11904K, reserved 1048576K
GC Heap History (20 events):
Event: 778.210 GC heap before
{Heap before GC invocations=35 (full 2):
 garbage-first heap   total 83968K, used 65643K [0x0000000709400000, 0x0000000800000000)
  region size 2048K, 19 young (38912K), 2 survivors (4096K)
 Metaspace       used 81039K, committed 81792K, reserved 1179648K
  class space    used 11292K, committed 11648K, reserved 1048576K
}
Event: 778.212 GC heap after
{Heap after GC invocations=36 (full 2):
 garbage-first heap   total 83968K, used 34908K [0x0000000709400000, 0x0000000800000000)
  region size 2048K, 2 young (4096K), 2 survivors (4096K)
 Metaspace       used 81039K, committed 81792K, reserved 1179648K
  class space    used 11292K, committed 11648K, reserved 1048576K
}
Event: 782.291 GC heap before
{Heap before GC invocations=36 (full 2):
 garbage-first heap   total 83968K, used 65628K [0x0000000709400000, 0x0000000800000000)
  region size 2048K, 17 young (34816K), 2 survivors (4096K)
 Metaspace       used 81258K, committed 81984K, reserved 1179648K
  class space    used 11320K, committed 11648K, reserved 1048576K
}
Event: 782.294 GC heap after
{Heap after GC invocations=37 (full 2):
 garbage-first heap   total 83968K, used 36478K [0x0000000709400000, 0x0000000800000000)
  region size 2048K, 2 young (4096K), 2 survivors (4096K)
 Metaspace       used 81258K, committed 81984K, reserved 1179648K
  class space    used 11320K, committed 11648K, reserved 1048576K
}
Event: 782.326 GC heap before
{Heap before GC invocations=37 (full 2):
 garbage-first heap   total 83968K, used 40574K [0x0000000709400000, 0x0000000800000000)
  region size 2048K, 5 young (10240K), 2 survivors (4096K)
 Metaspace       used 81333K, committed 82048K, reserved 1179648K
  class space    used 11323K, committed 11648K, reserved 1048576K
}
Event: 782.329 GC heap after
{Heap after GC invocations=38 (full 2):
 garbage-first heap   total 83968K, used 37328K [0x0000000709400000, 0x0000000800000000)
  region size 2048K, 2 young (4096K), 2 survivors (4096K)
 Metaspace       used 81333K, committed 82048K, reserved 1179648K
  class space    used 11323K, committed 11648K, reserved 1048576K
}
Event: 782.692 GC heap before
{Heap before GC invocations=39 (full 2):
 garbage-first heap   total 83968K, used 68048K [0x0000000709400000, 0x0000000800000000)
  region size 2048K, 17 young (34816K), 2 survivors (4096K)
 Metaspace       used 81728K, committed 82496K, reserved 1179648K
  class space    used 11352K, committed 11712K, reserved 1048576K
}
Event: 782.696 GC heap after
{Heap after GC invocations=40 (full 2):
 garbage-first heap   total 102400K, used 40215K [0x0000000709400000, 0x0000000800000000)
  region size 2048K, 3 young (6144K), 3 survivors (6144K)
 Metaspace       used 81728K, committed 82496K, reserved 1179648K
  class space    used 11352K, committed 11712K, reserved 1048576K
}
Event: 789.690 GC heap before
{Heap before GC invocations=40 (full 2):
 garbage-first heap   total 102400K, used 54551K [0x0000000709400000, 0x0000000800000000)
  region size 2048K, 11 young (22528K), 3 survivors (6144K)
 Metaspace       used 81936K, committed 82688K, reserved 1179648K
  class space    used 11377K, committed 11712K, reserved 1048576K
}
Event: 789.765 GC heap after
{Heap after GC invocations=41 (full 3):
 garbage-first heap   total 102400K, used 30212K [0x0000000709400000, 0x0000000800000000)
  region size 2048K, 0 young (0K), 0 survivors (0K)
 Metaspace       used 81923K, committed 82688K, reserved 1179648K
  class space    used 11375K, committed 11712K, reserved 1048576K
}
Event: 790.425 GC heap before
{Heap before GC invocations=41 (full 3):
 garbage-first heap   total 102400K, used 81412K [0x0000000709400000, 0x0000000800000000)
  region size 2048K, 25 young (51200K), 0 survivors (0K)
 Metaspace       used 82174K, committed 82880K, reserved 1179648K
  class space    used 11399K, committed 11712K, reserved 1048576K
}
Event: 790.428 GC heap after
{Heap after GC invocations=42 (full 3):
 garbage-first heap   total 102400K, used 34299K [0x0000000709400000, 0x0000000800000000)
  region size 2048K, 2 young (4096K), 2 survivors (4096K)
 Metaspace       used 82174K, committed 82880K, reserved 1179648K
  class space    used 11399K, committed 11712K, reserved 1048576K
}
Event: 794.750 GC heap before
{Heap before GC invocations=43 (full 3):
 garbage-first heap   total 102400K, used 83451K [0x0000000709400000, 0x0000000800000000)
  region size 2048K, 26 young (53248K), 2 survivors (4096K)
 Metaspace       used 82525K, committed 83264K, reserved 1179648K
  class space    used 11442K, committed 11776K, reserved 1048576K
}
Event: 794.754 GC heap after
{Heap after GC invocations=44 (full 3):
 garbage-first heap   total 102400K, used 37061K [0x0000000709400000, 0x0000000800000000)
  region size 2048K, 4 young (8192K), 4 survivors (8192K)
 Metaspace       used 82525K, committed 83264K, reserved 1179648K
  class space    used 11442K, committed 11776K, reserved 1048576K
}
Event: 797.829 GC heap before
{Heap before GC invocations=44 (full 3):
 garbage-first heap   total 102400K, used 82117K [0x0000000709400000, 0x0000000800000000)
  region size 2048K, 26 young (53248K), 4 survivors (8192K)
 Metaspace       used 83057K, committed 83840K, reserved 1179648K
  class space    used 11480K, committed 11840K, reserved 1048576K
}
Event: 797.834 GC heap after
{Heap after GC invocations=45 (full 3):
 garbage-first heap   total 102400K, used 40438K [0x0000000709400000, 0x0000000800000000)
  region size 2048K, 4 young (8192K), 4 survivors (8192K)
 Metaspace       used 83057K, committed 83840K, reserved 1179648K
  class space    used 11480K, committed 11840K, reserved 1048576K
}
Event: 801.175 GC heap before
{Heap before GC invocations=45 (full 3):
 garbage-first heap   total 102400K, used 46582K [0x0000000709400000, 0x0000000800000000)
  region size 2048K, 8 young (16384K), 4 survivors (8192K)
 Metaspace       used 83268K, committed 84032K, reserved 1179648K
  class space    used 11501K, committed 11840K, reserved 1048576K
}
Event: 801.213 GC heap after
{Heap after GC invocations=46 (full 4):
 garbage-first heap   total 102400K, used 30961K [0x0000000709400000, 0x0000000800000000)
  region size 2048K, 0 young (0K), 0 survivors (0K)
 Metaspace       used 83256K, committed 84032K, reserved 1179648K
  class space    used 11499K, committed 11840K, reserved 1048576K
}
Event: 802.525 GC heap before
{Heap before GC invocations=46 (full 4):
 garbage-first heap   total 102400K, used 86257K [0x0000000709400000, 0x0000000800000000)
  region size 2048K, 27 young (55296K), 0 survivors (0K)
 Metaspace       used 83628K, committed 84416K, reserved 1179648K
  class space    used 11534K, committed 11904K, reserved 1048576K
}
Event: 802.529 GC heap after
{Heap after GC invocations=47 (full 4):
 garbage-first heap   total 102400K, used 35868K [0x0000000709400000, 0x0000000800000000)
  region size 2048K, 3 young (6144K), 3 survivors (6144K)
 Metaspace       used 83628K, committed 84416K, reserved 1179648K
  class space    used 11534K, committed 11904K, reserved 1048576K
}

