# JRE version: OpenJDK Runtime Environment Temurin-21.0.1+12 (21.0.1+12) (build 21.0.1+12-LTS)
# Java VM: OpenJDK 64-Bit Server VM Temurin-21.0.1+12 (21.0.1+12-LTS, mixed mode, sharing, tiered, compressed oops, compressed class ptrs, g1 gc, windows-amd64)
GC Precious Log:
 CardTable entry size: 512
 Card Set container configuration: InlinePtr #cards 4 size 8 Array Of Cards #cards 16 size 48 Howl #buckets 8 coarsen threshold 3686 Howl Bitmap #cards 512 size 80 coarsen threshold 460 Card regions per heap region 1 cards per card region 4096
 CPUs: 16 total, 16 available
 Memory: 15791M
 Large Page Support: Disabled
 NUMA Support: Disabled
 Compressed Oops: Enabled (Zero based)
 Heap Region Size: 2M
 Heap Min Capacity: 8M
 Heap Initial Capacity: 248M
 Heap Max Capacity: 3948M
 Pre-touch: Disabled
 Parallel Workers: 13
 Concurrent Workers: 3
 Concurrent Refinement Workers: 13
 Periodic GC: Disabled
Heap:
 garbage-first heap   total 184320K, used 115642K [0x0000000709400000, 0x0000000800000000)
  region size 2048K, 34 young (69632K), 4 survivors (8192K)
 Metaspace       used 120841K, committed 121984K, reserved 1179648K
  class space    used 14256K, committed 14784K, reserved 1048576K
GC Heap History (20 events):
Event: 1629.472 GC heap before
{Heap before GC invocations=53 (full 4):
 garbage-first heap   total 190464K, used 162838K [0x0000000709400000, 0x0000000800000000)
  region size 2048K, 55 young (112640K), 0 survivors (0K)
 Metaspace       used 112847K, committed 113856K, reserved 1179648K
  class space    used 13693K, committed 14144K, reserved 1048576K
}
Event: 1629.476 GC heap after
{Heap after GC invocations=54 (full 4):
 garbage-first heap   total 190464K, used 60224K [0x0000000709400000, 0x0000000800000000)
  region size 2048K, 4 young (8192K), 4 survivors (8192K)
 Metaspace       used 112847K, committed 113856K, reserved 1179648K
  class space    used 13693K, committed 14144K, reserved 1048576K
}
Event: 1658.660 GC heap before
{Heap before GC invocations=55 (full 4):
 garbage-first heap   total 190464K, used 164672K [0x0000000709400000, 0x0000000800000000)
  region size 2048K, 55 young (112640K), 4 survivors (8192K)
 Metaspace       used 114160K, committed 115200K, reserved 1179648K
  class space    used 13780K, committed 14272K, reserved 1048576K
}
Event: 1658.667 GC heap after
{Heap after GC invocations=56 (full 4):
 garbage-first heap   total 190464K, used 64931K [0x0000000709400000, 0x0000000800000000)
  region size 2048K, 4 young (8192K), 4 survivors (8192K)
 Metaspace       used 114160K, committed 115200K, reserved 1179648K
  class space    used 13780K, committed 14272K, reserved 1048576K
}
Event: 1748.854 GC heap before
{Heap before GC invocations=56 (full 4):
 garbage-first heap   total 190464K, used 163235K [0x0000000709400000, 0x0000000800000000)
  region size 2048K, 52 young (106496K), 4 survivors (8192K)
 Metaspace       used 114217K, committed 115264K, reserved 1179648K
  class space    used 13780K, committed 14272K, reserved 1048576K
}
Event: 1748.858 GC heap after
{Heap after GC invocations=57 (full 4):
 garbage-first heap   total 190464K, used 66266K [0x0000000709400000, 0x0000000800000000)
  region size 2048K, 4 young (8192K), 4 survivors (8192K)
 Metaspace       used 114217K, committed 115264K, reserved 1179648K
  class space    used 13780K, committed 14272K, reserved 1048576K
}
Event: 1843.552 GC heap before
{Heap before GC invocations=57 (full 4):
 garbage-first heap   total 190464K, used 166618K [0x0000000709400000, 0x0000000800000000)
  region size 2048K, 53 young (108544K), 4 survivors (8192K)
 Metaspace       used 114235K, committed 115328K, reserved 1179648K
  class space    used 13780K, committed 14272K, reserved 1048576K
}
Event: 1843.556 GC heap after
{Heap after GC invocations=58 (full 4):
 garbage-first heap   total 190464K, used 67434K [0x0000000709400000, 0x0000000800000000)
  region size 2048K, 2 young (4096K), 2 survivors (4096K)
 Metaspace       used 114235K, committed 115328K, reserved 1179648K
  class space    used 13780K, committed 14272K, reserved 1048576K
}
Event: 1866.898 GC heap before
{Heap before GC invocations=59 (full 4):
 garbage-first heap   total 190464K, used 94058K [0x0000000709400000, 0x0000000800000000)
  region size 2048K, 16 young (32768K), 2 survivors (4096K)
 Metaspace       used 114249K, committed 115328K, reserved 1179648K
  class space    used 13780K, committed 14272K, reserved 1048576K
}
Event: 1866.979 GC heap after
{Heap after GC invocations=60 (full 5):
 garbage-first heap   total 190464K, used 50450K [0x0000000709400000, 0x0000000800000000)
  region size 2048K, 0 young (0K), 0 survivors (0K)
 Metaspace       used 114215K, committed 115328K, reserved 1179648K
  class space    used 13775K, committed 14272K, reserved 1048576K
}
Event: 1873.826 GC heap before
{Heap before GC invocations=60 (full 5):
 garbage-first heap   total 190464K, used 163090K [0x0000000709400000, 0x0000000800000000)
  region size 2048K, 55 young (112640K), 0 survivors (0K)
 Metaspace       used 115152K, committed 116160K, reserved 1179648K
  class space    used 13856K, committed 14336K, reserved 1048576K
}
Event: 1873.831 GC heap after
{Heap after GC invocations=61 (full 5):
 garbage-first heap   total 190464K, used 58435K [0x0000000709400000, 0x0000000800000000)
  region size 2048K, 4 young (8192K), 4 survivors (8192K)
 Metaspace       used 115152K, committed 116160K, reserved 1179648K
  class space    used 13856K, committed 14336K, reserved 1048576K
}
Event: 1887.267 GC heap before
{Heap before GC invocations=62 (full 5):
 garbage-first heap   total 190464K, used 144451K [0x0000000709400000, 0x0000000800000000)
  region size 2048K, 48 young (98304K), 4 survivors (8192K)
 Metaspace       used 116579K, committed 117696K, reserved 1179648K
  class space    used 13954K, committed 14464K, reserved 1048576K
}
Event: 1887.349 GC heap after
{Heap after GC invocations=63 (full 6):
 garbage-first heap   total 184320K, used 47597K [0x0000000709400000, 0x0000000800000000)
  region size 2048K, 0 young (0K), 0 survivors (0K)
 Metaspace       used 116543K, committed 117696K, reserved 1179648K
  class space    used 13948K, committed 14464K, reserved 1048576K
}
Event: 1892.497 GC heap before
{Heap before GC invocations=63 (full 6):
 garbage-first heap   total 184320K, used 156141K [0x0000000709400000, 0x0000000800000000)
  region size 2048K, 54 young (110592K), 0 survivors (0K)
 Metaspace       used 117480K, committed 118528K, reserved 1179648K
  class space    used 14029K, committed 14528K, reserved 1048576K
}
Event: 1892.503 GC heap after
{Heap after GC invocations=64 (full 6):
 garbage-first heap   total 184320K, used 55516K [0x0000000709400000, 0x0000000800000000)
  region size 2048K, 4 young (8192K), 4 survivors (8192K)
 Metaspace       used 117480K, committed 118528K, reserved 1179648K
  class space    used 14029K, committed 14528K, reserved 1048576K
}
Event: 1912.546 GC heap before
{Heap before GC invocations=65 (full 6):
 garbage-first heap   total 184320K, used 151772K [0x0000000709400000, 0x0000000800000000)
  region size 2048K, 52 young (106496K), 4 survivors (8192K)
 Metaspace       used 118838K, committed 119936K, reserved 1179648K
  class space    used 14112K, committed 14592K, reserved 1048576K
}
Event: 1912.621 GC heap after
{Heap after GC invocations=66 (full 7):
 garbage-first heap   total 184320K, used 48469K [0x0000000709400000, 0x0000000800000000)
  region size 2048K, 0 young (0K), 0 survivors (0K)
 Metaspace       used 118802K, committed 119936K, reserved 1179648K
  class space    used 14106K, committed 14592K, reserved 1048576K
}
Event: 1917.763 GC heap before
{Heap before GC invocations=66 (full 7):
 garbage-first heap   total 184320K, used 157013K [0x0000000709400000, 0x0000000800000000)
  region size 2048K, 54 young (110592K), 0 survivors (0K)
 Metaspace       used 119742K, committed 120832K, reserved 1179648K
  class space    used 14186K, committed 14656K, reserved 1048576K
}
Event: 1917.767 GC heap after
{Heap after GC invocations=67 (full 7):
 garbage-first heap   total 184320K, used 56250K [0x0000000709400000, 0x0000000800000000)
  region size 2048K, 4 young (8192K), 4 survivors (8192K)
 Metaspace       used 119742K, committed 120832K, reserved 1179648K
  class space    used 14186K, committed 14656K, reserved 1048576K
}

